2025-06-11 15:32:14 [main] INFO  com.sportsdata.etl.Application - Starting Application using Java 20.0.2 with PID 22136 (/Users/lengocthinh/Documents/repositories/etl-pipeline-with-java/target/classes started by lengocthinh in /Users/lengocthinh/Documents/repositories/etl-pipeline-with-java)
2025-06-11 15:32:14 [main] INFO  com.sportsdata.etl.Application - No active profile set, falling back to 1 default profile: "default"
2025-06-11 15:32:14 [main] INFO  o.a.catalina.core.StandardService - Starting service [Tomcat]
2025-06-11 15:32:14 [main] INFO  o.a.catalina.core.StandardEngine - Starting Servlet engine: [Apache Tomcat/10.1.16]
2025-06-11 15:32:14 [main] INFO  o.a.c.c.C.[.[localhost].[/api/v1] - Initializing Spring embedded WebApplicationContext
2025-06-11 15:32:15 [main] INFO  com.zaxxer.hikari.HikariDataSource - HikariPool-1 - Starting...
2025-06-11 15:32:15 [main] INFO  com.zaxxer.hikari.pool.HikariPool - HikariPool-1 - Added connection conn0: url=jdbc:h2:mem:sportsdb user=SA
2025-06-11 15:32:15 [main] INFO  com.zaxxer.hikari.HikariDataSource - HikariPool-1 - Start completed.
2025-06-11 15:32:15 [main] WARN  org.hibernate.orm.deprecation - HHH90000025: H2Dialect does not need to be specified explicitly using 'hibernate.dialect' (remove the property setting and it will be selected by default)
2025-06-11 15:32:15 [main] DEBUG org.hibernate.SQL - 
    drop table if exists games cascade 
2025-06-11 15:32:15 [main] DEBUG org.hibernate.SQL - 
    drop table if exists players cascade 
2025-06-11 15:32:15 [main] DEBUG org.hibernate.SQL - 
    drop table if exists teams cascade 
2025-06-11 15:32:15 [main] DEBUG org.hibernate.SQL - 
    create table games (
        away_score integer,
        home_score integer,
        date timestamp(6) not null,
        away_team_id varchar(255) not null,
        game_id varchar(255) not null,
        home_team_id varchar(255) not null,
        status varchar(255) not null,
        primary key (game_id)
    )
2025-06-11 15:32:15 [main] DEBUG org.hibernate.SQL - 
    create table players (
        age integer not null,
        assists integer,
        games_played integer,
        points integer,
        name varchar(255) not null,
        player_id varchar(255) not null,
        position varchar(255) not null,
        team_id varchar(255) not null,
        primary key (player_id)
    )
2025-06-11 15:32:15 [main] DEBUG org.hibernate.SQL - 
    create table teams (
        founded date,
        city varchar(255) not null,
        league varchar(255) not null,
        name varchar(255) not null,
        team_id varchar(255) not null,
        venue varchar(255),
        primary key (team_id)
    )
2025-06-11 15:32:16 [main] WARN  o.s.b.a.o.j.JpaBaseConfiguration$JpaWebConfiguration - spring.jpa.open-in-view is enabled by default. Therefore, database queries may be performed during view rendering. Explicitly configure spring.jpa.open-in-view to disable this warning
2025-06-11 15:32:16 [main] INFO  com.sportsdata.etl.Application - Started Application in 2.59 seconds (process running for 2.915)
2025-06-11 15:32:16 [main] INFO  c.sportsdata.etl.ScheduledETLRunner - Starting ETL pipeline in web server mode
2025-06-11 15:32:16 [main] INFO  c.sportsdata.etl.ScheduledETLRunner - REST API available at: http://localhost:8080/api/v1/etl/
2025-06-11 15:32:16 [main] INFO  c.sportsdata.etl.ScheduledETLRunner - Health check: http://localhost:8080/api/v1/etl/health
2025-06-11 15:32:35 [SpringApplicationShutdownHook] DEBUG org.hibernate.SQL - 
    drop table if exists games cascade 
2025-06-11 15:32:35 [SpringApplicationShutdownHook] DEBUG org.hibernate.SQL - 
    drop table if exists players cascade 
2025-06-11 15:32:35 [SpringApplicationShutdownHook] DEBUG org.hibernate.SQL - 
    drop table if exists teams cascade 
2025-06-11 15:32:35 [SpringApplicationShutdownHook] INFO  com.zaxxer.hikari.HikariDataSource - HikariPool-1 - Shutdown initiated...
2025-06-11 15:32:35 [SpringApplicationShutdownHook] INFO  com.zaxxer.hikari.HikariDataSource - HikariPool-1 - Shutdown completed.
2025-06-11 15:32:58 [main] INFO  com.sportsdata.etl.Application - Starting Application using Java 20.0.2 with PID 22229 (/Users/lengocthinh/Documents/repositories/etl-pipeline-with-java/target/classes started by lengocthinh in /Users/lengocthinh/Documents/repositories/etl-pipeline-with-java)
2025-06-11 15:32:58 [main] INFO  com.sportsdata.etl.Application - No active profile set, falling back to 1 default profile: "default"
2025-06-11 15:32:58 [main] INFO  o.a.catalina.core.StandardService - Starting service [Tomcat]
2025-06-11 15:32:58 [main] INFO  o.a.catalina.core.StandardEngine - Starting Servlet engine: [Apache Tomcat/10.1.16]
2025-06-11 15:32:58 [main] INFO  o.a.c.c.C.[.[localhost].[/api/v1] - Initializing Spring embedded WebApplicationContext
2025-06-11 15:32:58 [main] INFO  com.zaxxer.hikari.HikariDataSource - HikariPool-1 - Starting...
2025-06-11 15:32:59 [main] INFO  com.zaxxer.hikari.pool.HikariPool - HikariPool-1 - Added connection conn0: url=jdbc:h2:mem:sportsdb user=SA
2025-06-11 15:32:59 [main] INFO  com.zaxxer.hikari.HikariDataSource - HikariPool-1 - Start completed.
2025-06-11 15:32:59 [main] WARN  org.hibernate.orm.deprecation - HHH90000025: H2Dialect does not need to be specified explicitly using 'hibernate.dialect' (remove the property setting and it will be selected by default)
2025-06-11 15:32:59 [main] DEBUG org.hibernate.SQL - 
    drop table if exists games cascade 
2025-06-11 15:32:59 [main] DEBUG org.hibernate.SQL - 
    drop table if exists players cascade 
2025-06-11 15:32:59 [main] DEBUG org.hibernate.SQL - 
    drop table if exists teams cascade 
2025-06-11 15:32:59 [main] DEBUG org.hibernate.SQL - 
    create table games (
        away_score integer,
        home_score integer,
        date timestamp(6) not null,
        away_team_id varchar(255) not null,
        game_id varchar(255) not null,
        home_team_id varchar(255) not null,
        status varchar(255) not null,
        primary key (game_id)
    )
2025-06-11 15:32:59 [main] DEBUG org.hibernate.SQL - 
    create table players (
        age integer not null,
        assists integer,
        games_played integer,
        points integer,
        name varchar(255) not null,
        player_id varchar(255) not null,
        position varchar(255) not null,
        team_id varchar(255) not null,
        primary key (player_id)
    )
2025-06-11 15:32:59 [main] DEBUG org.hibernate.SQL - 
    create table teams (
        founded date,
        city varchar(255) not null,
        league varchar(255) not null,
        name varchar(255) not null,
        team_id varchar(255) not null,
        venue varchar(255),
        primary key (team_id)
    )
2025-06-11 15:33:00 [main] WARN  o.s.b.a.o.j.JpaBaseConfiguration$JpaWebConfiguration - spring.jpa.open-in-view is enabled by default. Therefore, database queries may be performed during view rendering. Explicitly configure spring.jpa.open-in-view to disable this warning
2025-06-11 15:33:00 [main] INFO  com.sportsdata.etl.Application - Started Application in 2.462 seconds (process running for 2.707)
2025-06-11 15:33:00 [main] INFO  c.sportsdata.etl.ScheduledETLRunner - Starting ETL pipeline in web server mode
2025-06-11 15:33:00 [main] INFO  c.sportsdata.etl.ScheduledETLRunner - REST API available at: http://localhost:8080/api/v1/etl/
2025-06-11 15:33:00 [main] INFO  c.sportsdata.etl.ScheduledETLRunner - Health check: http://localhost:8080/api/v1/etl/health
2025-06-11 15:33:28 [http-nio-8080-exec-2] INFO  o.a.c.c.C.[.[localhost].[/api/v1] - Initializing Spring DispatcherServlet 'dispatcherServlet'
2025-06-11 15:33:28 [http-nio-8080-exec-2] INFO  c.s.etl.controllers.EtlController - ETL pipeline execution requested via REST API
2025-06-11 15:33:28 [http-nio-8080-exec-2] INFO  c.s.e.services.pipeline.EtlPipeline - Starting ETL pipeline execution - Pipeline ID: 13534ff8-6dd8-44a3-ae88-4953a3f1020c
2025-06-11 15:33:28 [http-nio-8080-exec-2] INFO  c.s.e.services.pipeline.EtlPipeline - Phase 1: Starting data extraction
2025-06-11 15:33:28 [http-nio-8080-exec-2] INFO  c.s.e.services.pipeline.EtlPipeline - Extracting teams from CSV: src/main/resources/sample-data/teams.csv
2025-06-11 15:33:28 [http-nio-8080-exec-2] INFO  c.s.e.s.extractors.CsvDataExtractor - Processing CSV file: src/main/resources/sample-data/teams.csv with headers: teamId, name, city, league, founded, venue
2025-06-11 15:33:28 [http-nio-8080-exec-2] INFO  c.s.e.s.extractors.CsvDataExtractor - Successfully extracted 15 teams from CSV file: src/main/resources/sample-data/teams.csv
2025-06-11 15:33:28 [http-nio-8080-exec-2] INFO  c.s.e.services.pipeline.EtlPipeline - Extracted 15 teams from CSV
2025-06-11 15:33:28 [http-nio-8080-exec-2] INFO  c.s.e.services.pipeline.EtlPipeline - Extracting players from JSON: src/main/resources/sample-data/players.json
2025-06-11 15:33:28 [http-nio-8080-exec-2] INFO  c.s.e.s.extractors.JsonApiExtractor - Processing JSON file: src/main/resources/sample-data/players.json
2025-06-11 15:33:28 [http-nio-8080-exec-2] INFO  c.s.e.s.extractors.JsonApiExtractor - Successfully extracted 15 players from JSON file: src/main/resources/sample-data/players.json
2025-06-11 15:33:28 [http-nio-8080-exec-2] INFO  c.s.e.services.pipeline.EtlPipeline - Extracted 15 players from JSON
2025-06-11 15:33:28 [http-nio-8080-exec-2] INFO  c.s.e.services.pipeline.EtlPipeline - Extracting games from XML: src/main/resources/sample-data/games.xml
2025-06-11 15:33:28 [http-nio-8080-exec-2] INFO  c.s.e.s.extractors.XmlFeedExtractor - Processing XML file: src/main/resources/sample-data/games.xml
2025-06-11 15:33:28 [http-nio-8080-exec-2] INFO  c.s.e.s.extractors.XmlFeedExtractor - Successfully extracted 12 games from XML file: src/main/resources/sample-data/games.xml
2025-06-11 15:33:28 [http-nio-8080-exec-2] INFO  c.s.e.services.pipeline.EtlPipeline - Extracted 12 games from XML
2025-06-11 15:33:28 [http-nio-8080-exec-2] INFO  c.s.e.services.pipeline.EtlPipeline - Phase 2: Starting data transformation and validation
2025-06-11 15:33:28 [http-nio-8080-exec-2] INFO  c.s.e.services.pipeline.EtlPipeline - Transforming and validating 15 teams
2025-06-11 15:33:28 [http-nio-8080-exec-2] INFO  c.s.e.s.transformers.DataValidator - Starting validation of 15 teams
2025-06-11 15:33:28 [http-nio-8080-exec-2] INFO  c.s.e.s.transformers.DataValidator - Team validation completed: 15 valid, 0 errors, 0 warnings
2025-06-11 15:33:28 [http-nio-8080-exec-2] INFO  c.s.e.s.transformers.DataCleaner - Starting data cleaning for 15 teams
2025-06-11 15:33:28 [http-nio-8080-exec-2] INFO  c.s.e.s.transformers.DataCleaner - Team cleaning completed: 15 cleaned, 0 duplicates removed
2025-06-11 15:33:28 [http-nio-8080-exec-2] INFO  c.s.e.s.t.DataStandardizer - Starting standardization for 15 teams
2025-06-11 15:33:28 [http-nio-8080-exec-2] INFO  c.s.e.s.t.DataStandardizer - Team standardization completed: 15 teams processed
2025-06-11 15:33:28 [http-nio-8080-exec-2] INFO  c.s.e.services.pipeline.EtlPipeline - Processed teams: 15 -> 15 valid
2025-06-11 15:33:28 [http-nio-8080-exec-2] INFO  c.s.e.services.pipeline.EtlPipeline - Transforming and validating 15 players
2025-06-11 15:33:28 [http-nio-8080-exec-2] INFO  c.s.e.s.transformers.DataValidator - Starting validation of 15 players
2025-06-11 15:33:28 [http-nio-8080-exec-2] INFO  c.s.e.s.transformers.DataValidator - Player validation completed: 15 valid, 0 errors, 0 warnings
2025-06-11 15:33:28 [http-nio-8080-exec-2] INFO  c.s.e.s.transformers.DataCleaner - Starting data cleaning for 15 players
2025-06-11 15:33:28 [http-nio-8080-exec-2] INFO  c.s.e.s.transformers.DataCleaner - Player cleaning completed: 15 cleaned, 0 duplicates removed
2025-06-11 15:33:28 [http-nio-8080-exec-2] INFO  c.s.e.s.t.DataStandardizer - Starting standardization for 15 players
2025-06-11 15:33:28 [http-nio-8080-exec-2] INFO  c.s.e.s.t.DataStandardizer - Player standardization completed: 15 players processed
2025-06-11 15:33:28 [http-nio-8080-exec-2] INFO  c.s.e.services.pipeline.EtlPipeline - Processed players: 15 -> 15 valid
2025-06-11 15:33:28 [http-nio-8080-exec-2] INFO  c.s.e.services.pipeline.EtlPipeline - Transforming and validating 12 games
2025-06-11 15:33:28 [http-nio-8080-exec-2] INFO  c.s.e.s.transformers.DataValidator - Starting validation of 12 games
2025-06-11 15:33:28 [http-nio-8080-exec-2] INFO  c.s.e.s.transformers.DataValidator - Game validation completed: 12 valid, 0 errors, 0 warnings
2025-06-11 15:33:28 [http-nio-8080-exec-2] INFO  c.s.e.s.transformers.DataCleaner - Starting data cleaning for 12 games
2025-06-11 15:33:28 [http-nio-8080-exec-2] INFO  c.s.e.s.transformers.DataCleaner - Game cleaning completed: 12 cleaned, 0 duplicates removed
2025-06-11 15:33:28 [http-nio-8080-exec-2] INFO  c.s.e.s.t.DataStandardizer - Starting standardization for 12 games
2025-06-11 15:33:28 [http-nio-8080-exec-2] INFO  c.s.e.s.t.DataStandardizer - Game standardization completed: 12 games processed
2025-06-11 15:33:28 [http-nio-8080-exec-2] INFO  c.s.e.services.pipeline.EtlPipeline - Processed games: 12 -> 12 valid
2025-06-11 15:33:28 [http-nio-8080-exec-2] INFO  c.s.e.services.pipeline.EtlPipeline - Phase 3: Starting data loading
2025-06-11 15:33:28 [http-nio-8080-exec-2] INFO  c.s.e.s.loaders.DatabaseLoader - Starting database loading process
2025-06-11 15:33:28 [http-nio-8080-exec-2] INFO  c.s.e.s.loaders.DatabaseLoader - Loading 15 teams into database
2025-06-11 15:33:28 [http-nio-8080-exec-2] DEBUG org.hibernate.SQL - 
    select
        t1_0.team_id,
        t1_0.city,
        t1_0.founded,
        t1_0.league,
        t1_0.name,
        t1_0.venue 
    from
        teams t1_0 
    where
        t1_0.team_id=?
2025-06-11 15:33:28 [http-nio-8080-exec-2] DEBUG org.hibernate.SQL - 
    select
        t1_0.team_id,
        t1_0.city,
        t1_0.founded,
        t1_0.league,
        t1_0.name,
        t1_0.venue 
    from
        teams t1_0 
    where
        t1_0.team_id=?
2025-06-11 15:33:28 [http-nio-8080-exec-2] DEBUG org.hibernate.SQL - 
    select
        t1_0.team_id,
        t1_0.city,
        t1_0.founded,
        t1_0.league,
        t1_0.name,
        t1_0.venue 
    from
        teams t1_0 
    where
        t1_0.team_id=?
2025-06-11 15:33:28 [http-nio-8080-exec-2] DEBUG org.hibernate.SQL - 
    select
        t1_0.team_id,
        t1_0.city,
        t1_0.founded,
        t1_0.league,
        t1_0.name,
        t1_0.venue 
    from
        teams t1_0 
    where
        t1_0.team_id=?
2025-06-11 15:33:28 [http-nio-8080-exec-2] DEBUG org.hibernate.SQL - 
    select
        t1_0.team_id,
        t1_0.city,
        t1_0.founded,
        t1_0.league,
        t1_0.name,
        t1_0.venue 
    from
        teams t1_0 
    where
        t1_0.team_id=?
2025-06-11 15:33:28 [http-nio-8080-exec-2] DEBUG org.hibernate.SQL - 
    select
        t1_0.team_id,
        t1_0.city,
        t1_0.founded,
        t1_0.league,
        t1_0.name,
        t1_0.venue 
    from
        teams t1_0 
    where
        t1_0.team_id=?
2025-06-11 15:33:28 [http-nio-8080-exec-2] DEBUG org.hibernate.SQL - 
    select
        t1_0.team_id,
        t1_0.city,
        t1_0.founded,
        t1_0.league,
        t1_0.name,
        t1_0.venue 
    from
        teams t1_0 
    where
        t1_0.team_id=?
2025-06-11 15:33:28 [http-nio-8080-exec-2] DEBUG org.hibernate.SQL - 
    select
        t1_0.team_id,
        t1_0.city,
        t1_0.founded,
        t1_0.league,
        t1_0.name,
        t1_0.venue 
    from
        teams t1_0 
    where
        t1_0.team_id=?
2025-06-11 15:33:28 [http-nio-8080-exec-2] DEBUG org.hibernate.SQL - 
    select
        t1_0.team_id,
        t1_0.city,
        t1_0.founded,
        t1_0.league,
        t1_0.name,
        t1_0.venue 
    from
        teams t1_0 
    where
        t1_0.team_id=?
2025-06-11 15:33:28 [http-nio-8080-exec-2] DEBUG org.hibernate.SQL - 
    select
        t1_0.team_id,
        t1_0.city,
        t1_0.founded,
        t1_0.league,
        t1_0.name,
        t1_0.venue 
    from
        teams t1_0 
    where
        t1_0.team_id=?
2025-06-11 15:33:28 [http-nio-8080-exec-2] DEBUG org.hibernate.SQL - 
    select
        t1_0.team_id,
        t1_0.city,
        t1_0.founded,
        t1_0.league,
        t1_0.name,
        t1_0.venue 
    from
        teams t1_0 
    where
        t1_0.team_id=?
2025-06-11 15:33:28 [http-nio-8080-exec-2] DEBUG org.hibernate.SQL - 
    select
        t1_0.team_id,
        t1_0.city,
        t1_0.founded,
        t1_0.league,
        t1_0.name,
        t1_0.venue 
    from
        teams t1_0 
    where
        t1_0.team_id=?
2025-06-11 15:33:28 [http-nio-8080-exec-2] DEBUG org.hibernate.SQL - 
    select
        t1_0.team_id,
        t1_0.city,
        t1_0.founded,
        t1_0.league,
        t1_0.name,
        t1_0.venue 
    from
        teams t1_0 
    where
        t1_0.team_id=?
2025-06-11 15:33:28 [http-nio-8080-exec-2] DEBUG org.hibernate.SQL - 
    select
        t1_0.team_id,
        t1_0.city,
        t1_0.founded,
        t1_0.league,
        t1_0.name,
        t1_0.venue 
    from
        teams t1_0 
    where
        t1_0.team_id=?
2025-06-11 15:33:28 [http-nio-8080-exec-2] DEBUG org.hibernate.SQL - 
    select
        t1_0.team_id,
        t1_0.city,
        t1_0.founded,
        t1_0.league,
        t1_0.name,
        t1_0.venue 
    from
        teams t1_0 
    where
        t1_0.team_id=?
2025-06-11 15:33:28 [http-nio-8080-exec-2] INFO  c.s.e.s.loaders.DatabaseLoader - Successfully loaded 15 teams
2025-06-11 15:33:28 [http-nio-8080-exec-2] INFO  c.s.e.s.loaders.DatabaseLoader - Loading 15 players into database
2025-06-11 15:33:28 [http-nio-8080-exec-2] DEBUG org.hibernate.SQL - 
    select
        p1_0.player_id,
        p1_0.age,
        p1_0.name,
        p1_0.position,
        p1_0.assists,
        p1_0.games_played,
        p1_0.points,
        p1_0.team_id 
    from
        players p1_0 
    where
        p1_0.player_id=?
2025-06-11 15:33:28 [http-nio-8080-exec-2] DEBUG org.hibernate.SQL - 
    select
        p1_0.player_id,
        p1_0.age,
        p1_0.name,
        p1_0.position,
        p1_0.assists,
        p1_0.games_played,
        p1_0.points,
        p1_0.team_id 
    from
        players p1_0 
    where
        p1_0.player_id=?
2025-06-11 15:33:28 [http-nio-8080-exec-2] DEBUG org.hibernate.SQL - 
    select
        p1_0.player_id,
        p1_0.age,
        p1_0.name,
        p1_0.position,
        p1_0.assists,
        p1_0.games_played,
        p1_0.points,
        p1_0.team_id 
    from
        players p1_0 
    where
        p1_0.player_id=?
2025-06-11 15:33:28 [http-nio-8080-exec-2] DEBUG org.hibernate.SQL - 
    select
        p1_0.player_id,
        p1_0.age,
        p1_0.name,
        p1_0.position,
        p1_0.assists,
        p1_0.games_played,
        p1_0.points,
        p1_0.team_id 
    from
        players p1_0 
    where
        p1_0.player_id=?
2025-06-11 15:33:28 [http-nio-8080-exec-2] DEBUG org.hibernate.SQL - 
    select
        p1_0.player_id,
        p1_0.age,
        p1_0.name,
        p1_0.position,
        p1_0.assists,
        p1_0.games_played,
        p1_0.points,
        p1_0.team_id 
    from
        players p1_0 
    where
        p1_0.player_id=?
2025-06-11 15:33:28 [http-nio-8080-exec-2] DEBUG org.hibernate.SQL - 
    select
        p1_0.player_id,
        p1_0.age,
        p1_0.name,
        p1_0.position,
        p1_0.assists,
        p1_0.games_played,
        p1_0.points,
        p1_0.team_id 
    from
        players p1_0 
    where
        p1_0.player_id=?
2025-06-11 15:33:28 [http-nio-8080-exec-2] DEBUG org.hibernate.SQL - 
    select
        p1_0.player_id,
        p1_0.age,
        p1_0.name,
        p1_0.position,
        p1_0.assists,
        p1_0.games_played,
        p1_0.points,
        p1_0.team_id 
    from
        players p1_0 
    where
        p1_0.player_id=?
2025-06-11 15:33:28 [http-nio-8080-exec-2] DEBUG org.hibernate.SQL - 
    select
        p1_0.player_id,
        p1_0.age,
        p1_0.name,
        p1_0.position,
        p1_0.assists,
        p1_0.games_played,
        p1_0.points,
        p1_0.team_id 
    from
        players p1_0 
    where
        p1_0.player_id=?
2025-06-11 15:33:28 [http-nio-8080-exec-2] DEBUG org.hibernate.SQL - 
    select
        p1_0.player_id,
        p1_0.age,
        p1_0.name,
        p1_0.position,
        p1_0.assists,
        p1_0.games_played,
        p1_0.points,
        p1_0.team_id 
    from
        players p1_0 
    where
        p1_0.player_id=?
2025-06-11 15:33:28 [http-nio-8080-exec-2] DEBUG org.hibernate.SQL - 
    select
        p1_0.player_id,
        p1_0.age,
        p1_0.name,
        p1_0.position,
        p1_0.assists,
        p1_0.games_played,
        p1_0.points,
        p1_0.team_id 
    from
        players p1_0 
    where
        p1_0.player_id=?
2025-06-11 15:33:28 [http-nio-8080-exec-2] DEBUG org.hibernate.SQL - 
    select
        p1_0.player_id,
        p1_0.age,
        p1_0.name,
        p1_0.position,
        p1_0.assists,
        p1_0.games_played,
        p1_0.points,
        p1_0.team_id 
    from
        players p1_0 
    where
        p1_0.player_id=?
2025-06-11 15:33:28 [http-nio-8080-exec-2] DEBUG org.hibernate.SQL - 
    select
        p1_0.player_id,
        p1_0.age,
        p1_0.name,
        p1_0.position,
        p1_0.assists,
        p1_0.games_played,
        p1_0.points,
        p1_0.team_id 
    from
        players p1_0 
    where
        p1_0.player_id=?
2025-06-11 15:33:28 [http-nio-8080-exec-2] DEBUG org.hibernate.SQL - 
    select
        p1_0.player_id,
        p1_0.age,
        p1_0.name,
        p1_0.position,
        p1_0.assists,
        p1_0.games_played,
        p1_0.points,
        p1_0.team_id 
    from
        players p1_0 
    where
        p1_0.player_id=?
2025-06-11 15:33:28 [http-nio-8080-exec-2] DEBUG org.hibernate.SQL - 
    select
        p1_0.player_id,
        p1_0.age,
        p1_0.name,
        p1_0.position,
        p1_0.assists,
        p1_0.games_played,
        p1_0.points,
        p1_0.team_id 
    from
        players p1_0 
    where
        p1_0.player_id=?
2025-06-11 15:33:28 [http-nio-8080-exec-2] DEBUG org.hibernate.SQL - 
    select
        p1_0.player_id,
        p1_0.age,
        p1_0.name,
        p1_0.position,
        p1_0.assists,
        p1_0.games_played,
        p1_0.points,
        p1_0.team_id 
    from
        players p1_0 
    where
        p1_0.player_id=?
2025-06-11 15:33:28 [http-nio-8080-exec-2] INFO  c.s.e.s.loaders.DatabaseLoader - Successfully loaded 15 players
2025-06-11 15:33:28 [http-nio-8080-exec-2] INFO  c.s.e.s.loaders.DatabaseLoader - Loading 12 games into database
2025-06-11 15:33:28 [http-nio-8080-exec-2] DEBUG org.hibernate.SQL - 
    select
        g1_0.game_id,
        g1_0.away_score,
        g1_0.away_team_id,
        g1_0.date,
        g1_0.home_score,
        g1_0.home_team_id,
        g1_0.status 
    from
        games g1_0 
    where
        g1_0.game_id=?
2025-06-11 15:33:28 [http-nio-8080-exec-2] DEBUG org.hibernate.SQL - 
    select
        g1_0.game_id,
        g1_0.away_score,
        g1_0.away_team_id,
        g1_0.date,
        g1_0.home_score,
        g1_0.home_team_id,
        g1_0.status 
    from
        games g1_0 
    where
        g1_0.game_id=?
2025-06-11 15:33:28 [http-nio-8080-exec-2] DEBUG org.hibernate.SQL - 
    select
        g1_0.game_id,
        g1_0.away_score,
        g1_0.away_team_id,
        g1_0.date,
        g1_0.home_score,
        g1_0.home_team_id,
        g1_0.status 
    from
        games g1_0 
    where
        g1_0.game_id=?
2025-06-11 15:33:28 [http-nio-8080-exec-2] DEBUG org.hibernate.SQL - 
    select
        g1_0.game_id,
        g1_0.away_score,
        g1_0.away_team_id,
        g1_0.date,
        g1_0.home_score,
        g1_0.home_team_id,
        g1_0.status 
    from
        games g1_0 
    where
        g1_0.game_id=?
2025-06-11 15:33:28 [http-nio-8080-exec-2] DEBUG org.hibernate.SQL - 
    select
        g1_0.game_id,
        g1_0.away_score,
        g1_0.away_team_id,
        g1_0.date,
        g1_0.home_score,
        g1_0.home_team_id,
        g1_0.status 
    from
        games g1_0 
    where
        g1_0.game_id=?
2025-06-11 15:33:28 [http-nio-8080-exec-2] DEBUG org.hibernate.SQL - 
    select
        g1_0.game_id,
        g1_0.away_score,
        g1_0.away_team_id,
        g1_0.date,
        g1_0.home_score,
        g1_0.home_team_id,
        g1_0.status 
    from
        games g1_0 
    where
        g1_0.game_id=?
2025-06-11 15:33:28 [http-nio-8080-exec-2] DEBUG org.hibernate.SQL - 
    select
        g1_0.game_id,
        g1_0.away_score,
        g1_0.away_team_id,
        g1_0.date,
        g1_0.home_score,
        g1_0.home_team_id,
        g1_0.status 
    from
        games g1_0 
    where
        g1_0.game_id=?
2025-06-11 15:33:28 [http-nio-8080-exec-2] DEBUG org.hibernate.SQL - 
    select
        g1_0.game_id,
        g1_0.away_score,
        g1_0.away_team_id,
        g1_0.date,
        g1_0.home_score,
        g1_0.home_team_id,
        g1_0.status 
    from
        games g1_0 
    where
        g1_0.game_id=?
2025-06-11 15:33:28 [http-nio-8080-exec-2] DEBUG org.hibernate.SQL - 
    select
        g1_0.game_id,
        g1_0.away_score,
        g1_0.away_team_id,
        g1_0.date,
        g1_0.home_score,
        g1_0.home_team_id,
        g1_0.status 
    from
        games g1_0 
    where
        g1_0.game_id=?
2025-06-11 15:33:28 [http-nio-8080-exec-2] DEBUG org.hibernate.SQL - 
    select
        g1_0.game_id,
        g1_0.away_score,
        g1_0.away_team_id,
        g1_0.date,
        g1_0.home_score,
        g1_0.home_team_id,
        g1_0.status 
    from
        games g1_0 
    where
        g1_0.game_id=?
2025-06-11 15:33:28 [http-nio-8080-exec-2] DEBUG org.hibernate.SQL - 
    select
        g1_0.game_id,
        g1_0.away_score,
        g1_0.away_team_id,
        g1_0.date,
        g1_0.home_score,
        g1_0.home_team_id,
        g1_0.status 
    from
        games g1_0 
    where
        g1_0.game_id=?
2025-06-11 15:33:28 [http-nio-8080-exec-2] DEBUG org.hibernate.SQL - 
    select
        g1_0.game_id,
        g1_0.away_score,
        g1_0.away_team_id,
        g1_0.date,
        g1_0.home_score,
        g1_0.home_team_id,
        g1_0.status 
    from
        games g1_0 
    where
        g1_0.game_id=?
2025-06-11 15:33:28 [http-nio-8080-exec-2] INFO  c.s.e.s.loaders.DatabaseLoader - Successfully loaded 12 games
2025-06-11 15:33:28 [http-nio-8080-exec-2] INFO  c.s.e.s.loaders.DatabaseLoader - Database loading completed successfully: 15 teams, 15 players, 12 games
2025-06-11 15:33:28 [http-nio-8080-exec-2] DEBUG org.hibernate.SQL - 
    insert 
    into
        teams
        (city, founded, league, name, venue, team_id) 
    values
        (?, ?, ?, ?, ?, ?)
2025-06-11 15:33:28 [http-nio-8080-exec-2] DEBUG org.hibernate.SQL - 
    insert 
    into
        teams
        (city, founded, league, name, venue, team_id) 
    values
        (?, ?, ?, ?, ?, ?)
2025-06-11 15:33:28 [http-nio-8080-exec-2] DEBUG org.hibernate.SQL - 
    insert 
    into
        teams
        (city, founded, league, name, venue, team_id) 
    values
        (?, ?, ?, ?, ?, ?)
2025-06-11 15:33:28 [http-nio-8080-exec-2] DEBUG org.hibernate.SQL - 
    insert 
    into
        teams
        (city, founded, league, name, venue, team_id) 
    values
        (?, ?, ?, ?, ?, ?)
2025-06-11 15:33:28 [http-nio-8080-exec-2] DEBUG org.hibernate.SQL - 
    insert 
    into
        teams
        (city, founded, league, name, venue, team_id) 
    values
        (?, ?, ?, ?, ?, ?)
2025-06-11 15:33:28 [http-nio-8080-exec-2] DEBUG org.hibernate.SQL - 
    insert 
    into
        teams
        (city, founded, league, name, venue, team_id) 
    values
        (?, ?, ?, ?, ?, ?)
2025-06-11 15:33:28 [http-nio-8080-exec-2] DEBUG org.hibernate.SQL - 
    insert 
    into
        teams
        (city, founded, league, name, venue, team_id) 
    values
        (?, ?, ?, ?, ?, ?)
2025-06-11 15:33:28 [http-nio-8080-exec-2] DEBUG org.hibernate.SQL - 
    insert 
    into
        teams
        (city, founded, league, name, venue, team_id) 
    values
        (?, ?, ?, ?, ?, ?)
2025-06-11 15:33:28 [http-nio-8080-exec-2] DEBUG org.hibernate.SQL - 
    insert 
    into
        teams
        (city, founded, league, name, venue, team_id) 
    values
        (?, ?, ?, ?, ?, ?)
2025-06-11 15:33:28 [http-nio-8080-exec-2] DEBUG org.hibernate.SQL - 
    insert 
    into
        teams
        (city, founded, league, name, venue, team_id) 
    values
        (?, ?, ?, ?, ?, ?)
2025-06-11 15:33:28 [http-nio-8080-exec-2] DEBUG org.hibernate.SQL - 
    insert 
    into
        teams
        (city, founded, league, name, venue, team_id) 
    values
        (?, ?, ?, ?, ?, ?)
2025-06-11 15:33:28 [http-nio-8080-exec-2] DEBUG org.hibernate.SQL - 
    insert 
    into
        teams
        (city, founded, league, name, venue, team_id) 
    values
        (?, ?, ?, ?, ?, ?)
2025-06-11 15:33:28 [http-nio-8080-exec-2] DEBUG org.hibernate.SQL - 
    insert 
    into
        teams
        (city, founded, league, name, venue, team_id) 
    values
        (?, ?, ?, ?, ?, ?)
2025-06-11 15:33:28 [http-nio-8080-exec-2] DEBUG org.hibernate.SQL - 
    insert 
    into
        teams
        (city, founded, league, name, venue, team_id) 
    values
        (?, ?, ?, ?, ?, ?)
2025-06-11 15:33:28 [http-nio-8080-exec-2] DEBUG org.hibernate.SQL - 
    insert 
    into
        teams
        (city, founded, league, name, venue, team_id) 
    values
        (?, ?, ?, ?, ?, ?)
2025-06-11 15:33:28 [http-nio-8080-exec-2] DEBUG org.hibernate.SQL - 
    insert 
    into
        players
        (age, name, position, assists, games_played, points, team_id, player_id) 
    values
        (?, ?, ?, ?, ?, ?, ?, ?)
2025-06-11 15:33:28 [http-nio-8080-exec-2] DEBUG org.hibernate.SQL - 
    insert 
    into
        players
        (age, name, position, assists, games_played, points, team_id, player_id) 
    values
        (?, ?, ?, ?, ?, ?, ?, ?)
2025-06-11 15:33:28 [http-nio-8080-exec-2] DEBUG org.hibernate.SQL - 
    insert 
    into
        players
        (age, name, position, assists, games_played, points, team_id, player_id) 
    values
        (?, ?, ?, ?, ?, ?, ?, ?)
2025-06-11 15:33:28 [http-nio-8080-exec-2] DEBUG org.hibernate.SQL - 
    insert 
    into
        players
        (age, name, position, assists, games_played, points, team_id, player_id) 
    values
        (?, ?, ?, ?, ?, ?, ?, ?)
2025-06-11 15:33:28 [http-nio-8080-exec-2] DEBUG org.hibernate.SQL - 
    insert 
    into
        players
        (age, name, position, assists, games_played, points, team_id, player_id) 
    values
        (?, ?, ?, ?, ?, ?, ?, ?)
2025-06-11 15:33:28 [http-nio-8080-exec-2] DEBUG org.hibernate.SQL - 
    insert 
    into
        players
        (age, name, position, assists, games_played, points, team_id, player_id) 
    values
        (?, ?, ?, ?, ?, ?, ?, ?)
2025-06-11 15:33:28 [http-nio-8080-exec-2] DEBUG org.hibernate.SQL - 
    insert 
    into
        players
        (age, name, position, assists, games_played, points, team_id, player_id) 
    values
        (?, ?, ?, ?, ?, ?, ?, ?)
2025-06-11 15:33:28 [http-nio-8080-exec-2] DEBUG org.hibernate.SQL - 
    insert 
    into
        players
        (age, name, position, assists, games_played, points, team_id, player_id) 
    values
        (?, ?, ?, ?, ?, ?, ?, ?)
2025-06-11 15:33:28 [http-nio-8080-exec-2] DEBUG org.hibernate.SQL - 
    insert 
    into
        players
        (age, name, position, assists, games_played, points, team_id, player_id) 
    values
        (?, ?, ?, ?, ?, ?, ?, ?)
2025-06-11 15:33:28 [http-nio-8080-exec-2] DEBUG org.hibernate.SQL - 
    insert 
    into
        players
        (age, name, position, assists, games_played, points, team_id, player_id) 
    values
        (?, ?, ?, ?, ?, ?, ?, ?)
2025-06-11 15:33:28 [http-nio-8080-exec-2] DEBUG org.hibernate.SQL - 
    insert 
    into
        players
        (age, name, position, assists, games_played, points, team_id, player_id) 
    values
        (?, ?, ?, ?, ?, ?, ?, ?)
2025-06-11 15:33:28 [http-nio-8080-exec-2] DEBUG org.hibernate.SQL - 
    insert 
    into
        players
        (age, name, position, assists, games_played, points, team_id, player_id) 
    values
        (?, ?, ?, ?, ?, ?, ?, ?)
2025-06-11 15:33:28 [http-nio-8080-exec-2] DEBUG org.hibernate.SQL - 
    insert 
    into
        players
        (age, name, position, assists, games_played, points, team_id, player_id) 
    values
        (?, ?, ?, ?, ?, ?, ?, ?)
2025-06-11 15:33:28 [http-nio-8080-exec-2] DEBUG org.hibernate.SQL - 
    insert 
    into
        players
        (age, name, position, assists, games_played, points, team_id, player_id) 
    values
        (?, ?, ?, ?, ?, ?, ?, ?)
2025-06-11 15:33:28 [http-nio-8080-exec-2] DEBUG org.hibernate.SQL - 
    insert 
    into
        players
        (age, name, position, assists, games_played, points, team_id, player_id) 
    values
        (?, ?, ?, ?, ?, ?, ?, ?)
2025-06-11 15:33:28 [http-nio-8080-exec-2] DEBUG org.hibernate.SQL - 
    insert 
    into
        games
        (away_score, away_team_id, date, home_score, home_team_id, status, game_id) 
    values
        (?, ?, ?, ?, ?, ?, ?)
2025-06-11 15:33:28 [http-nio-8080-exec-2] DEBUG org.hibernate.SQL - 
    insert 
    into
        games
        (away_score, away_team_id, date, home_score, home_team_id, status, game_id) 
    values
        (?, ?, ?, ?, ?, ?, ?)
2025-06-11 15:33:28 [http-nio-8080-exec-2] DEBUG org.hibernate.SQL - 
    insert 
    into
        games
        (away_score, away_team_id, date, home_score, home_team_id, status, game_id) 
    values
        (?, ?, ?, ?, ?, ?, ?)
2025-06-11 15:33:28 [http-nio-8080-exec-2] DEBUG org.hibernate.SQL - 
    insert 
    into
        games
        (away_score, away_team_id, date, home_score, home_team_id, status, game_id) 
    values
        (?, ?, ?, ?, ?, ?, ?)
2025-06-11 15:33:28 [http-nio-8080-exec-2] DEBUG org.hibernate.SQL - 
    insert 
    into
        games
        (away_score, away_team_id, date, home_score, home_team_id, status, game_id) 
    values
        (?, ?, ?, ?, ?, ?, ?)
2025-06-11 15:33:28 [http-nio-8080-exec-2] DEBUG org.hibernate.SQL - 
    insert 
    into
        games
        (away_score, away_team_id, date, home_score, home_team_id, status, game_id) 
    values
        (?, ?, ?, ?, ?, ?, ?)
2025-06-11 15:33:28 [http-nio-8080-exec-2] DEBUG org.hibernate.SQL - 
    insert 
    into
        games
        (away_score, away_team_id, date, home_score, home_team_id, status, game_id) 
    values
        (?, ?, ?, ?, ?, ?, ?)
2025-06-11 15:33:28 [http-nio-8080-exec-2] DEBUG org.hibernate.SQL - 
    insert 
    into
        games
        (away_score, away_team_id, date, home_score, home_team_id, status, game_id) 
    values
        (?, ?, ?, ?, ?, ?, ?)
2025-06-11 15:33:28 [http-nio-8080-exec-2] DEBUG org.hibernate.SQL - 
    insert 
    into
        games
        (away_score, away_team_id, date, home_score, home_team_id, status, game_id) 
    values
        (?, ?, ?, ?, ?, ?, ?)
2025-06-11 15:33:28 [http-nio-8080-exec-2] DEBUG org.hibernate.SQL - 
    insert 
    into
        games
        (away_score, away_team_id, date, home_score, home_team_id, status, game_id) 
    values
        (?, ?, ?, ?, ?, ?, ?)
2025-06-11 15:33:28 [http-nio-8080-exec-2] DEBUG org.hibernate.SQL - 
    insert 
    into
        games
        (away_score, away_team_id, date, home_score, home_team_id, status, game_id) 
    values
        (?, ?, ?, ?, ?, ?, ?)
2025-06-11 15:33:28 [http-nio-8080-exec-2] DEBUG org.hibernate.SQL - 
    insert 
    into
        games
        (away_score, away_team_id, date, home_score, home_team_id, status, game_id) 
    values
        (?, ?, ?, ?, ?, ?, ?)
2025-06-11 15:33:28 [http-nio-8080-exec-2] INFO  c.s.e.services.pipeline.EtlPipeline - Phase 4: Running data quality assessment
2025-06-11 15:33:28 [http-nio-8080-exec-2] INFO  c.s.e.s.quality.DataQualityChecker - Generating data quality report
2025-06-11 15:33:28 [http-nio-8080-exec-2] DEBUG org.hibernate.SQL - 
    select
        count(*) 
    from
        teams t1_0
2025-06-11 15:33:28 [http-nio-8080-exec-2] DEBUG org.hibernate.SQL - 
    select
        count(*) 
    from
        players p1_0
2025-06-11 15:33:28 [http-nio-8080-exec-2] DEBUG org.hibernate.SQL - 
    select
        count(*) 
    from
        games g1_0
2025-06-11 15:33:28 [http-nio-8080-exec-2] DEBUG org.hibernate.SQL - 
    select
        count(*) 
    from
        teams t1_0
2025-06-11 15:33:28 [http-nio-8080-exec-2] DEBUG org.hibernate.SQL - 
    select
        count(*) 
    from
        players p1_0
2025-06-11 15:33:28 [http-nio-8080-exec-2] DEBUG org.hibernate.SQL - 
    select
        count(*) 
    from
        games g1_0
2025-06-11 15:33:28 [http-nio-8080-exec-2] DEBUG org.hibernate.SQL - 
    select
        count(*) 
    from
        players p1_0
2025-06-11 15:33:28 [http-nio-8080-exec-2] DEBUG org.hibernate.SQL - 
    select
        count(*) 
    from
        teams t1_0
2025-06-11 15:33:28 [http-nio-8080-exec-2] DEBUG org.hibernate.SQL - 
    select
        count(*) 
    from
        players p1_0
2025-06-11 15:33:28 [http-nio-8080-exec-2] DEBUG org.hibernate.SQL - 
    select
        count(*) 
    from
        teams t1_0
2025-06-11 15:33:28 [http-nio-8080-exec-2] DEBUG org.hibernate.SQL - 
    select
        count(*) 
    from
        games g1_0
2025-06-11 15:33:28 [http-nio-8080-exec-2] INFO  c.s.e.s.quality.DataQualityChecker - Data quality report generated: 15 teams, 15 players, 12 games, Overall Score: {:.2f} (0.9)
2025-06-11 15:33:28 [http-nio-8080-exec-2] INFO  c.s.e.services.pipeline.EtlPipeline - ETL pipeline completed successfully - Pipeline ID: 13534ff8-6dd8-44a3-ae88-4953a3f1020c, Duration: 271 ms
2025-06-11 15:33:28 [http-nio-8080-exec-2] INFO  c.s.etl.controllers.EtlController - ETL pipeline completed successfully via REST API: 13534ff8-6dd8-44a3-ae88-4953a3f1020c
2025-06-11 15:33:30 [http-nio-8080-exec-3] INFO  c.s.etl.controllers.EtlController - ETL pipeline execution requested via REST API
2025-06-11 15:33:30 [http-nio-8080-exec-3] INFO  c.s.e.services.pipeline.EtlPipeline - Starting ETL pipeline execution - Pipeline ID: 25435f1b-addd-42ae-849a-01950b1f59d0
2025-06-11 15:33:30 [http-nio-8080-exec-3] INFO  c.s.e.services.pipeline.EtlPipeline - Phase 1: Starting data extraction
2025-06-11 15:33:30 [http-nio-8080-exec-3] INFO  c.s.e.services.pipeline.EtlPipeline - Extracting teams from CSV: src/main/resources/sample-data/teams.csv
2025-06-11 15:33:30 [http-nio-8080-exec-3] INFO  c.s.e.s.extractors.CsvDataExtractor - Processing CSV file: src/main/resources/sample-data/teams.csv with headers: teamId, name, city, league, founded, venue
2025-06-11 15:33:30 [http-nio-8080-exec-3] INFO  c.s.e.s.extractors.CsvDataExtractor - Successfully extracted 15 teams from CSV file: src/main/resources/sample-data/teams.csv
2025-06-11 15:33:30 [http-nio-8080-exec-3] INFO  c.s.e.services.pipeline.EtlPipeline - Extracted 15 teams from CSV
2025-06-11 15:33:30 [http-nio-8080-exec-3] INFO  c.s.e.services.pipeline.EtlPipeline - Extracting players from JSON: src/main/resources/sample-data/players.json
2025-06-11 15:33:30 [http-nio-8080-exec-3] INFO  c.s.e.s.extractors.JsonApiExtractor - Processing JSON file: src/main/resources/sample-data/players.json
2025-06-11 15:33:30 [http-nio-8080-exec-3] INFO  c.s.e.s.extractors.JsonApiExtractor - Successfully extracted 15 players from JSON file: src/main/resources/sample-data/players.json
2025-06-11 15:33:30 [http-nio-8080-exec-3] INFO  c.s.e.services.pipeline.EtlPipeline - Extracted 15 players from JSON
2025-06-11 15:33:30 [http-nio-8080-exec-3] INFO  c.s.e.services.pipeline.EtlPipeline - Extracting games from XML: src/main/resources/sample-data/games.xml
2025-06-11 15:33:31 [http-nio-8080-exec-3] INFO  c.s.e.s.extractors.XmlFeedExtractor - Processing XML file: src/main/resources/sample-data/games.xml
2025-06-11 15:33:31 [http-nio-8080-exec-3] INFO  c.s.e.s.extractors.XmlFeedExtractor - Successfully extracted 12 games from XML file: src/main/resources/sample-data/games.xml
2025-06-11 15:33:31 [http-nio-8080-exec-3] INFO  c.s.e.services.pipeline.EtlPipeline - Extracted 12 games from XML
2025-06-11 15:33:31 [http-nio-8080-exec-3] INFO  c.s.e.services.pipeline.EtlPipeline - Phase 2: Starting data transformation and validation
2025-06-11 15:33:31 [http-nio-8080-exec-3] INFO  c.s.e.services.pipeline.EtlPipeline - Transforming and validating 15 teams
2025-06-11 15:33:31 [http-nio-8080-exec-3] INFO  c.s.e.s.transformers.DataValidator - Starting validation of 15 teams
2025-06-11 15:33:31 [http-nio-8080-exec-3] INFO  c.s.e.s.transformers.DataValidator - Team validation completed: 15 valid, 0 errors, 0 warnings
2025-06-11 15:33:31 [http-nio-8080-exec-3] INFO  c.s.e.s.transformers.DataCleaner - Starting data cleaning for 15 teams
2025-06-11 15:33:31 [http-nio-8080-exec-3] INFO  c.s.e.s.transformers.DataCleaner - Team cleaning completed: 15 cleaned, 0 duplicates removed
2025-06-11 15:33:31 [http-nio-8080-exec-3] INFO  c.s.e.s.t.DataStandardizer - Starting standardization for 15 teams
2025-06-11 15:33:31 [http-nio-8080-exec-3] INFO  c.s.e.s.t.DataStandardizer - Team standardization completed: 15 teams processed
2025-06-11 15:33:31 [http-nio-8080-exec-3] INFO  c.s.e.services.pipeline.EtlPipeline - Processed teams: 15 -> 15 valid
2025-06-11 15:33:31 [http-nio-8080-exec-3] INFO  c.s.e.services.pipeline.EtlPipeline - Transforming and validating 15 players
2025-06-11 15:33:31 [http-nio-8080-exec-3] INFO  c.s.e.s.transformers.DataValidator - Starting validation of 15 players
2025-06-11 15:33:31 [http-nio-8080-exec-3] INFO  c.s.e.s.transformers.DataValidator - Player validation completed: 15 valid, 0 errors, 0 warnings
2025-06-11 15:33:31 [http-nio-8080-exec-3] INFO  c.s.e.s.transformers.DataCleaner - Starting data cleaning for 15 players
2025-06-11 15:33:31 [http-nio-8080-exec-3] INFO  c.s.e.s.transformers.DataCleaner - Player cleaning completed: 15 cleaned, 0 duplicates removed
2025-06-11 15:33:31 [http-nio-8080-exec-3] INFO  c.s.e.s.t.DataStandardizer - Starting standardization for 15 players
2025-06-11 15:33:31 [http-nio-8080-exec-3] INFO  c.s.e.s.t.DataStandardizer - Player standardization completed: 15 players processed
2025-06-11 15:33:31 [http-nio-8080-exec-3] INFO  c.s.e.services.pipeline.EtlPipeline - Processed players: 15 -> 15 valid
2025-06-11 15:33:31 [http-nio-8080-exec-3] INFO  c.s.e.services.pipeline.EtlPipeline - Transforming and validating 12 games
2025-06-11 15:33:31 [http-nio-8080-exec-3] INFO  c.s.e.s.transformers.DataValidator - Starting validation of 12 games
2025-06-11 15:33:31 [http-nio-8080-exec-3] INFO  c.s.e.s.transformers.DataValidator - Game validation completed: 12 valid, 0 errors, 0 warnings
2025-06-11 15:33:31 [http-nio-8080-exec-3] INFO  c.s.e.s.transformers.DataCleaner - Starting data cleaning for 12 games
2025-06-11 15:33:31 [http-nio-8080-exec-3] INFO  c.s.e.s.transformers.DataCleaner - Game cleaning completed: 12 cleaned, 0 duplicates removed
2025-06-11 15:33:31 [http-nio-8080-exec-3] INFO  c.s.e.s.t.DataStandardizer - Starting standardization for 12 games
2025-06-11 15:33:31 [http-nio-8080-exec-3] INFO  c.s.e.s.t.DataStandardizer - Game standardization completed: 12 games processed
2025-06-11 15:33:31 [http-nio-8080-exec-3] INFO  c.s.e.services.pipeline.EtlPipeline - Processed games: 12 -> 12 valid
2025-06-11 15:33:31 [http-nio-8080-exec-3] INFO  c.s.e.services.pipeline.EtlPipeline - Phase 3: Starting data loading
2025-06-11 15:33:31 [http-nio-8080-exec-3] INFO  c.s.e.s.loaders.DatabaseLoader - Starting database loading process
2025-06-11 15:33:31 [http-nio-8080-exec-3] INFO  c.s.e.s.loaders.DatabaseLoader - Loading 15 teams into database
2025-06-11 15:33:31 [http-nio-8080-exec-3] DEBUG org.hibernate.SQL - 
    select
        t1_0.team_id,
        t1_0.city,
        t1_0.founded,
        t1_0.league,
        t1_0.name,
        t1_0.venue 
    from
        teams t1_0 
    where
        t1_0.team_id=?
2025-06-11 15:33:31 [http-nio-8080-exec-3] DEBUG org.hibernate.SQL - 
    select
        t1_0.team_id,
        t1_0.city,
        t1_0.founded,
        t1_0.league,
        t1_0.name,
        t1_0.venue 
    from
        teams t1_0 
    where
        t1_0.team_id=?
2025-06-11 15:33:31 [http-nio-8080-exec-3] DEBUG org.hibernate.SQL - 
    select
        t1_0.team_id,
        t1_0.city,
        t1_0.founded,
        t1_0.league,
        t1_0.name,
        t1_0.venue 
    from
        teams t1_0 
    where
        t1_0.team_id=?
2025-06-11 15:33:31 [http-nio-8080-exec-3] DEBUG org.hibernate.SQL - 
    select
        t1_0.team_id,
        t1_0.city,
        t1_0.founded,
        t1_0.league,
        t1_0.name,
        t1_0.venue 
    from
        teams t1_0 
    where
        t1_0.team_id=?
2025-06-11 15:33:31 [http-nio-8080-exec-3] DEBUG org.hibernate.SQL - 
    select
        t1_0.team_id,
        t1_0.city,
        t1_0.founded,
        t1_0.league,
        t1_0.name,
        t1_0.venue 
    from
        teams t1_0 
    where
        t1_0.team_id=?
2025-06-11 15:33:31 [http-nio-8080-exec-3] DEBUG org.hibernate.SQL - 
    select
        t1_0.team_id,
        t1_0.city,
        t1_0.founded,
        t1_0.league,
        t1_0.name,
        t1_0.venue 
    from
        teams t1_0 
    where
        t1_0.team_id=?
2025-06-11 15:33:31 [http-nio-8080-exec-3] DEBUG org.hibernate.SQL - 
    select
        t1_0.team_id,
        t1_0.city,
        t1_0.founded,
        t1_0.league,
        t1_0.name,
        t1_0.venue 
    from
        teams t1_0 
    where
        t1_0.team_id=?
2025-06-11 15:33:31 [http-nio-8080-exec-3] DEBUG org.hibernate.SQL - 
    select
        t1_0.team_id,
        t1_0.city,
        t1_0.founded,
        t1_0.league,
        t1_0.name,
        t1_0.venue 
    from
        teams t1_0 
    where
        t1_0.team_id=?
2025-06-11 15:33:31 [http-nio-8080-exec-3] DEBUG org.hibernate.SQL - 
    select
        t1_0.team_id,
        t1_0.city,
        t1_0.founded,
        t1_0.league,
        t1_0.name,
        t1_0.venue 
    from
        teams t1_0 
    where
        t1_0.team_id=?
2025-06-11 15:33:31 [http-nio-8080-exec-3] DEBUG org.hibernate.SQL - 
    select
        t1_0.team_id,
        t1_0.city,
        t1_0.founded,
        t1_0.league,
        t1_0.name,
        t1_0.venue 
    from
        teams t1_0 
    where
        t1_0.team_id=?
2025-06-11 15:33:31 [http-nio-8080-exec-3] DEBUG org.hibernate.SQL - 
    select
        t1_0.team_id,
        t1_0.city,
        t1_0.founded,
        t1_0.league,
        t1_0.name,
        t1_0.venue 
    from
        teams t1_0 
    where
        t1_0.team_id=?
2025-06-11 15:33:31 [http-nio-8080-exec-3] DEBUG org.hibernate.SQL - 
    select
        t1_0.team_id,
        t1_0.city,
        t1_0.founded,
        t1_0.league,
        t1_0.name,
        t1_0.venue 
    from
        teams t1_0 
    where
        t1_0.team_id=?
2025-06-11 15:33:31 [http-nio-8080-exec-3] DEBUG org.hibernate.SQL - 
    select
        t1_0.team_id,
        t1_0.city,
        t1_0.founded,
        t1_0.league,
        t1_0.name,
        t1_0.venue 
    from
        teams t1_0 
    where
        t1_0.team_id=?
2025-06-11 15:33:31 [http-nio-8080-exec-3] DEBUG org.hibernate.SQL - 
    select
        t1_0.team_id,
        t1_0.city,
        t1_0.founded,
        t1_0.league,
        t1_0.name,
        t1_0.venue 
    from
        teams t1_0 
    where
        t1_0.team_id=?
2025-06-11 15:33:31 [http-nio-8080-exec-3] DEBUG org.hibernate.SQL - 
    select
        t1_0.team_id,
        t1_0.city,
        t1_0.founded,
        t1_0.league,
        t1_0.name,
        t1_0.venue 
    from
        teams t1_0 
    where
        t1_0.team_id=?
2025-06-11 15:33:31 [http-nio-8080-exec-3] INFO  c.s.e.s.loaders.DatabaseLoader - Successfully loaded 15 teams
2025-06-11 15:33:31 [http-nio-8080-exec-3] INFO  c.s.e.s.loaders.DatabaseLoader - Loading 15 players into database
2025-06-11 15:33:31 [http-nio-8080-exec-3] DEBUG org.hibernate.SQL - 
    select
        p1_0.player_id,
        p1_0.age,
        p1_0.name,
        p1_0.position,
        p1_0.assists,
        p1_0.games_played,
        p1_0.points,
        p1_0.team_id 
    from
        players p1_0 
    where
        p1_0.player_id=?
2025-06-11 15:33:31 [http-nio-8080-exec-3] DEBUG org.hibernate.SQL - 
    select
        p1_0.player_id,
        p1_0.age,
        p1_0.name,
        p1_0.position,
        p1_0.assists,
        p1_0.games_played,
        p1_0.points,
        p1_0.team_id 
    from
        players p1_0 
    where
        p1_0.player_id=?
2025-06-11 15:33:31 [http-nio-8080-exec-3] DEBUG org.hibernate.SQL - 
    select
        p1_0.player_id,
        p1_0.age,
        p1_0.name,
        p1_0.position,
        p1_0.assists,
        p1_0.games_played,
        p1_0.points,
        p1_0.team_id 
    from
        players p1_0 
    where
        p1_0.player_id=?
2025-06-11 15:33:31 [http-nio-8080-exec-3] DEBUG org.hibernate.SQL - 
    select
        p1_0.player_id,
        p1_0.age,
        p1_0.name,
        p1_0.position,
        p1_0.assists,
        p1_0.games_played,
        p1_0.points,
        p1_0.team_id 
    from
        players p1_0 
    where
        p1_0.player_id=?
2025-06-11 15:33:31 [http-nio-8080-exec-3] DEBUG org.hibernate.SQL - 
    select
        p1_0.player_id,
        p1_0.age,
        p1_0.name,
        p1_0.position,
        p1_0.assists,
        p1_0.games_played,
        p1_0.points,
        p1_0.team_id 
    from
        players p1_0 
    where
        p1_0.player_id=?
2025-06-11 15:33:31 [http-nio-8080-exec-3] DEBUG org.hibernate.SQL - 
    select
        p1_0.player_id,
        p1_0.age,
        p1_0.name,
        p1_0.position,
        p1_0.assists,
        p1_0.games_played,
        p1_0.points,
        p1_0.team_id 
    from
        players p1_0 
    where
        p1_0.player_id=?
2025-06-11 15:33:31 [http-nio-8080-exec-3] DEBUG org.hibernate.SQL - 
    select
        p1_0.player_id,
        p1_0.age,
        p1_0.name,
        p1_0.position,
        p1_0.assists,
        p1_0.games_played,
        p1_0.points,
        p1_0.team_id 
    from
        players p1_0 
    where
        p1_0.player_id=?
2025-06-11 15:33:31 [http-nio-8080-exec-3] DEBUG org.hibernate.SQL - 
    select
        p1_0.player_id,
        p1_0.age,
        p1_0.name,
        p1_0.position,
        p1_0.assists,
        p1_0.games_played,
        p1_0.points,
        p1_0.team_id 
    from
        players p1_0 
    where
        p1_0.player_id=?
2025-06-11 15:33:31 [http-nio-8080-exec-3] DEBUG org.hibernate.SQL - 
    select
        p1_0.player_id,
        p1_0.age,
        p1_0.name,
        p1_0.position,
        p1_0.assists,
        p1_0.games_played,
        p1_0.points,
        p1_0.team_id 
    from
        players p1_0 
    where
        p1_0.player_id=?
2025-06-11 15:33:31 [http-nio-8080-exec-3] DEBUG org.hibernate.SQL - 
    select
        p1_0.player_id,
        p1_0.age,
        p1_0.name,
        p1_0.position,
        p1_0.assists,
        p1_0.games_played,
        p1_0.points,
        p1_0.team_id 
    from
        players p1_0 
    where
        p1_0.player_id=?
2025-06-11 15:33:31 [http-nio-8080-exec-3] DEBUG org.hibernate.SQL - 
    select
        p1_0.player_id,
        p1_0.age,
        p1_0.name,
        p1_0.position,
        p1_0.assists,
        p1_0.games_played,
        p1_0.points,
        p1_0.team_id 
    from
        players p1_0 
    where
        p1_0.player_id=?
2025-06-11 15:33:31 [http-nio-8080-exec-3] DEBUG org.hibernate.SQL - 
    select
        p1_0.player_id,
        p1_0.age,
        p1_0.name,
        p1_0.position,
        p1_0.assists,
        p1_0.games_played,
        p1_0.points,
        p1_0.team_id 
    from
        players p1_0 
    where
        p1_0.player_id=?
2025-06-11 15:33:31 [http-nio-8080-exec-3] DEBUG org.hibernate.SQL - 
    select
        p1_0.player_id,
        p1_0.age,
        p1_0.name,
        p1_0.position,
        p1_0.assists,
        p1_0.games_played,
        p1_0.points,
        p1_0.team_id 
    from
        players p1_0 
    where
        p1_0.player_id=?
2025-06-11 15:33:31 [http-nio-8080-exec-3] DEBUG org.hibernate.SQL - 
    select
        p1_0.player_id,
        p1_0.age,
        p1_0.name,
        p1_0.position,
        p1_0.assists,
        p1_0.games_played,
        p1_0.points,
        p1_0.team_id 
    from
        players p1_0 
    where
        p1_0.player_id=?
2025-06-11 15:33:31 [http-nio-8080-exec-3] DEBUG org.hibernate.SQL - 
    select
        p1_0.player_id,
        p1_0.age,
        p1_0.name,
        p1_0.position,
        p1_0.assists,
        p1_0.games_played,
        p1_0.points,
        p1_0.team_id 
    from
        players p1_0 
    where
        p1_0.player_id=?
2025-06-11 15:33:31 [http-nio-8080-exec-3] INFO  c.s.e.s.loaders.DatabaseLoader - Successfully loaded 15 players
2025-06-11 15:33:31 [http-nio-8080-exec-3] INFO  c.s.e.s.loaders.DatabaseLoader - Loading 12 games into database
2025-06-11 15:33:31 [http-nio-8080-exec-3] DEBUG org.hibernate.SQL - 
    select
        g1_0.game_id,
        g1_0.away_score,
        g1_0.away_team_id,
        g1_0.date,
        g1_0.home_score,
        g1_0.home_team_id,
        g1_0.status 
    from
        games g1_0 
    where
        g1_0.game_id=?
2025-06-11 15:33:31 [http-nio-8080-exec-3] DEBUG org.hibernate.SQL - 
    select
        g1_0.game_id,
        g1_0.away_score,
        g1_0.away_team_id,
        g1_0.date,
        g1_0.home_score,
        g1_0.home_team_id,
        g1_0.status 
    from
        games g1_0 
    where
        g1_0.game_id=?
2025-06-11 15:33:31 [http-nio-8080-exec-3] DEBUG org.hibernate.SQL - 
    select
        g1_0.game_id,
        g1_0.away_score,
        g1_0.away_team_id,
        g1_0.date,
        g1_0.home_score,
        g1_0.home_team_id,
        g1_0.status 
    from
        games g1_0 
    where
        g1_0.game_id=?
2025-06-11 15:33:31 [http-nio-8080-exec-3] DEBUG org.hibernate.SQL - 
    select
        g1_0.game_id,
        g1_0.away_score,
        g1_0.away_team_id,
        g1_0.date,
        g1_0.home_score,
        g1_0.home_team_id,
        g1_0.status 
    from
        games g1_0 
    where
        g1_0.game_id=?
2025-06-11 15:33:31 [http-nio-8080-exec-3] DEBUG org.hibernate.SQL - 
    select
        g1_0.game_id,
        g1_0.away_score,
        g1_0.away_team_id,
        g1_0.date,
        g1_0.home_score,
        g1_0.home_team_id,
        g1_0.status 
    from
        games g1_0 
    where
        g1_0.game_id=?
2025-06-11 15:33:31 [http-nio-8080-exec-3] DEBUG org.hibernate.SQL - 
    select
        g1_0.game_id,
        g1_0.away_score,
        g1_0.away_team_id,
        g1_0.date,
        g1_0.home_score,
        g1_0.home_team_id,
        g1_0.status 
    from
        games g1_0 
    where
        g1_0.game_id=?
2025-06-11 15:33:31 [http-nio-8080-exec-3] DEBUG org.hibernate.SQL - 
    select
        g1_0.game_id,
        g1_0.away_score,
        g1_0.away_team_id,
        g1_0.date,
        g1_0.home_score,
        g1_0.home_team_id,
        g1_0.status 
    from
        games g1_0 
    where
        g1_0.game_id=?
2025-06-11 15:33:31 [http-nio-8080-exec-3] DEBUG org.hibernate.SQL - 
    select
        g1_0.game_id,
        g1_0.away_score,
        g1_0.away_team_id,
        g1_0.date,
        g1_0.home_score,
        g1_0.home_team_id,
        g1_0.status 
    from
        games g1_0 
    where
        g1_0.game_id=?
2025-06-11 15:33:31 [http-nio-8080-exec-3] DEBUG org.hibernate.SQL - 
    select
        g1_0.game_id,
        g1_0.away_score,
        g1_0.away_team_id,
        g1_0.date,
        g1_0.home_score,
        g1_0.home_team_id,
        g1_0.status 
    from
        games g1_0 
    where
        g1_0.game_id=?
2025-06-11 15:33:31 [http-nio-8080-exec-3] DEBUG org.hibernate.SQL - 
    select
        g1_0.game_id,
        g1_0.away_score,
        g1_0.away_team_id,
        g1_0.date,
        g1_0.home_score,
        g1_0.home_team_id,
        g1_0.status 
    from
        games g1_0 
    where
        g1_0.game_id=?
2025-06-11 15:33:31 [http-nio-8080-exec-3] DEBUG org.hibernate.SQL - 
    select
        g1_0.game_id,
        g1_0.away_score,
        g1_0.away_team_id,
        g1_0.date,
        g1_0.home_score,
        g1_0.home_team_id,
        g1_0.status 
    from
        games g1_0 
    where
        g1_0.game_id=?
2025-06-11 15:33:31 [http-nio-8080-exec-3] DEBUG org.hibernate.SQL - 
    select
        g1_0.game_id,
        g1_0.away_score,
        g1_0.away_team_id,
        g1_0.date,
        g1_0.home_score,
        g1_0.home_team_id,
        g1_0.status 
    from
        games g1_0 
    where
        g1_0.game_id=?
2025-06-11 15:33:31 [http-nio-8080-exec-3] INFO  c.s.e.s.loaders.DatabaseLoader - Successfully loaded 12 games
2025-06-11 15:33:31 [http-nio-8080-exec-3] INFO  c.s.e.s.loaders.DatabaseLoader - Database loading completed successfully: 15 teams, 15 players, 12 games
2025-06-11 15:33:31 [http-nio-8080-exec-3] INFO  c.s.e.services.pipeline.EtlPipeline - Phase 4: Running data quality assessment
2025-06-11 15:33:31 [http-nio-8080-exec-3] INFO  c.s.e.s.quality.DataQualityChecker - Generating data quality report
2025-06-11 15:33:31 [http-nio-8080-exec-3] DEBUG org.hibernate.SQL - 
    select
        count(*) 
    from
        teams t1_0
2025-06-11 15:33:31 [http-nio-8080-exec-3] DEBUG org.hibernate.SQL - 
    select
        count(*) 
    from
        players p1_0
2025-06-11 15:33:31 [http-nio-8080-exec-3] DEBUG org.hibernate.SQL - 
    select
        count(*) 
    from
        games g1_0
2025-06-11 15:33:31 [http-nio-8080-exec-3] DEBUG org.hibernate.SQL - 
    select
        count(*) 
    from
        teams t1_0
2025-06-11 15:33:31 [http-nio-8080-exec-3] DEBUG org.hibernate.SQL - 
    select
        count(*) 
    from
        players p1_0
2025-06-11 15:33:31 [http-nio-8080-exec-3] DEBUG org.hibernate.SQL - 
    select
        count(*) 
    from
        games g1_0
2025-06-11 15:33:31 [http-nio-8080-exec-3] DEBUG org.hibernate.SQL - 
    select
        count(*) 
    from
        players p1_0
2025-06-11 15:33:31 [http-nio-8080-exec-3] DEBUG org.hibernate.SQL - 
    select
        count(*) 
    from
        teams t1_0
2025-06-11 15:33:31 [http-nio-8080-exec-3] DEBUG org.hibernate.SQL - 
    select
        count(*) 
    from
        players p1_0
2025-06-11 15:33:31 [http-nio-8080-exec-3] DEBUG org.hibernate.SQL - 
    select
        count(*) 
    from
        teams t1_0
2025-06-11 15:33:31 [http-nio-8080-exec-3] DEBUG org.hibernate.SQL - 
    select
        count(*) 
    from
        games g1_0
2025-06-11 15:33:31 [http-nio-8080-exec-3] INFO  c.s.e.s.quality.DataQualityChecker - Data quality report generated: 15 teams, 15 players, 12 games, Overall Score: {:.2f} (0.9)
2025-06-11 15:33:31 [http-nio-8080-exec-3] INFO  c.s.e.services.pipeline.EtlPipeline - ETL pipeline completed successfully - Pipeline ID: 25435f1b-addd-42ae-849a-01950b1f59d0, Duration: 40 ms
2025-06-11 15:33:31 [http-nio-8080-exec-3] INFO  c.s.etl.controllers.EtlController - ETL pipeline completed successfully via REST API: 25435f1b-addd-42ae-849a-01950b1f59d0
2025-06-11 15:33:43 [SpringApplicationShutdownHook] DEBUG org.hibernate.SQL - 
    drop table if exists games cascade 
2025-06-11 15:33:43 [SpringApplicationShutdownHook] DEBUG org.hibernate.SQL - 
    drop table if exists players cascade 
2025-06-11 15:33:43 [SpringApplicationShutdownHook] DEBUG org.hibernate.SQL - 
    drop table if exists teams cascade 
2025-06-11 15:33:43 [SpringApplicationShutdownHook] INFO  com.zaxxer.hikari.HikariDataSource - HikariPool-1 - Shutdown initiated...
2025-06-11 15:33:43 [SpringApplicationShutdownHook] INFO  com.zaxxer.hikari.HikariDataSource - HikariPool-1 - Shutdown completed.
